INFO - main.py - 2025-07-18 12:43:31,194 - Argument config: 'celeba_hq.yml'
INFO - main.py - 2025-07-18 12:43:31,195 - Argument deg: 'sr_bicubic'
INFO - main.py - 2025-07-18 12:43:31,195 - Argument deg_scale: 4.0
INFO - main.py - 2025-07-18 12:43:31,195 - Argument eta_tilde: 0.3
INFO - main.py - 2025-07-18 12:43:31,195 - Argument exp: 'exp'
INFO - main.py - 2025-07-18 12:43:31,195 - Argument gamma: 10.0
INFO - main.py - 2025-07-18 12:43:31,195 - Argument image_folder: 'exp/image_samples/DDPG_celeba_sr_bicubic_sigma_y_0.05'
INFO - main.py - 2025-07-18 12:43:31,195 - Argument inject_noise: 1
INFO - main.py - 2025-07-18 12:43:31,195 - Argument ni: True
INFO - main.py - 2025-07-18 12:43:31,195 - Argument operator_imp: 'SVD'
INFO - main.py - 2025-07-18 12:43:31,195 - Argument path_y: 'celeba_hq'
INFO - main.py - 2025-07-18 12:43:31,195 - Argument save_observed_img: False
INFO - main.py - 2025-07-18 12:43:31,196 - Argument scale_ls: 1.0
INFO - main.py - 2025-07-18 12:43:31,196 - Argument seed: 1234
INFO - main.py - 2025-07-18 12:43:31,196 - Argument sigma_y: 0.05
INFO - main.py - 2025-07-18 12:43:31,196 - Argument step_size_mode: 1
INFO - main.py - 2025-07-18 12:43:31,196 - Argument subset_end: -1
INFO - main.py - 2025-07-18 12:43:31,196 - Argument subset_start: -1
INFO - main.py - 2025-07-18 12:43:31,196 - Argument verbose: 'info'
INFO - main.py - 2025-07-18 12:43:31,196 - Argument xi: 1e-05
INFO - main.py - 2025-07-18 12:43:31,196 - Argument zeta: 0.8
INFO - main.py - 2025-07-18 12:43:31,196 - Using device: cpu
INFO - diffusion.py - 2025-07-18 12:44:27,882 - img_ind: 0, PSNR: 31.40, LPIPS: 0.1046
INFO - diffusion.py - 2025-07-18 12:44:27,883 - Avg PSNR: 31.40, Avg LPIPS: 0.1046     (** After 1 iteration **)
INFO - diffusion.py - 2025-07-18 12:45:18,319 - img_ind: 1, PSNR: 30.66, LPIPS: 0.0955
INFO - diffusion.py - 2025-07-18 12:45:18,320 - Avg PSNR: 31.03, Avg LPIPS: 0.1001     (** After 2 iteration **)
INFO - diffusion.py - 2025-07-18 12:46:08,405 - img_ind: 2, PSNR: 29.23, LPIPS: 0.0883
INFO - diffusion.py - 2025-07-18 12:46:08,406 - Avg PSNR: 30.43, Avg LPIPS: 0.0961     (** After 3 iteration **)
INFO - diffusion.py - 2025-07-18 12:46:59,495 - img_ind: 3, PSNR: 28.61, LPIPS: 0.0717
INFO - diffusion.py - 2025-07-18 12:46:59,496 - Avg PSNR: 29.97, Avg LPIPS: 0.0900     (** After 4 iteration **)
INFO - diffusion.py - 2025-07-18 12:47:49,821 - img_ind: 4, PSNR: 30.35, LPIPS: 0.1132
INFO - diffusion.py - 2025-07-18 12:47:49,821 - Avg PSNR: 30.05, Avg LPIPS: 0.0947     (** After 5 iteration **)
INFO - diffusion.py - 2025-07-18 12:48:39,905 - img_ind: 5, PSNR: 28.40, LPIPS: 0.1415
INFO - diffusion.py - 2025-07-18 12:48:39,905 - Avg PSNR: 29.77, Avg LPIPS: 0.1025     (** After 6 iteration **)
INFO - diffusion.py - 2025-07-18 12:49:29,582 - img_ind: 6, PSNR: 32.22, LPIPS: 0.0880
INFO - diffusion.py - 2025-07-18 12:49:29,583 - Avg PSNR: 30.12, Avg LPIPS: 0.1004     (** After 7 iteration **)
INFO - diffusion.py - 2025-07-18 12:50:21,590 - img_ind: 7, PSNR: 27.76, LPIPS: 0.0811
INFO - diffusion.py - 2025-07-18 12:50:21,590 - Avg PSNR: 29.83, Avg LPIPS: 0.0980     (** After 8 iteration **)
