INFO - main.py - 2025-08-04 13:47:57,582 - Argument config: 'celeba_hq.yml'
INFO - main.py - 2025-08-04 13:47:57,583 - Argument deg: 'deblur_gauss'
INFO - main.py - 2025-08-04 13:47:57,583 - Argument deg_scale: 0.0
INFO - main.py - 2025-08-04 13:47:57,583 - Argument enable_adaptive_sampling: False
INFO - main.py - 2025-08-04 13:47:57,583 - Argument enable_edge_guidance: False
INFO - main.py - 2025-08-04 13:47:57,583 - Argument enable_frequency_guidance: False
INFO - main.py - 2025-08-04 13:47:57,583 - Argument enable_preprocessing: False
INFO - main.py - 2025-08-04 13:47:57,583 - Argument eta_tilde: 0.7
INFO - main.py - 2025-08-04 13:47:57,583 - Argument exp: 'exp'
INFO - main.py - 2025-08-04 13:47:57,583 - Argument gamma: 8.0
INFO - main.py - 2025-08-04 13:47:57,583 - Argument image_folder: 'exp/image_samples/IDPG_celeba_deblur_gauss_sigma_y_0'
INFO - main.py - 2025-08-04 13:47:57,583 - Argument inject_noise: 0
INFO - main.py - 2025-08-04 13:47:57,583 - Argument ni: True
INFO - main.py - 2025-08-04 13:47:57,584 - Argument operator_imp: 'FFT'
INFO - main.py - 2025-08-04 13:47:57,584 - Argument path_y: 'celeba_hq'
INFO - main.py - 2025-08-04 13:47:57,584 - Argument quality_threshold: 0.8
INFO - main.py - 2025-08-04 13:47:57,584 - Argument save_observed_img: False
INFO - main.py - 2025-08-04 13:47:57,584 - Argument scale_ls: 1.0
INFO - main.py - 2025-08-04 13:47:57,584 - Argument seed: 1234
INFO - main.py - 2025-08-04 13:47:57,584 - Argument sigma_y: 0.0
INFO - main.py - 2025-08-04 13:47:57,584 - Argument step_size_mode: 0
INFO - main.py - 2025-08-04 13:47:57,584 - Argument subset_end: -1
INFO - main.py - 2025-08-04 13:47:57,584 - Argument subset_start: -1
INFO - main.py - 2025-08-04 13:47:57,584 - Argument verbose: 'info'
INFO - main.py - 2025-08-04 13:47:57,584 - Argument xi: 1e-05
INFO - main.py - 2025-08-04 13:47:57,584 - Argument zeta: 0.5
INFO - main.py - 2025-08-04 13:47:57,586 - Using device: cpu
INFO - diffusion.py - 2025-08-04 13:48:57,931 - img_ind: 0, PSNR: 48.63, LPIPS: 0.0013
INFO - diffusion.py - 2025-08-04 13:48:57,931 - Avg PSNR: 48.63, Avg LPIPS: 0.0013     (** After 1 iteration **)
INFO - diffusion.py - 2025-08-04 13:49:50,433 - img_ind: 1, PSNR: 47.95, LPIPS: 0.0015
INFO - diffusion.py - 2025-08-04 13:49:50,434 - Avg PSNR: 48.29, Avg LPIPS: 0.0014     (** After 2 iteration **)
