INFO - main.py - 2025-08-05 12:04:14,117 - Argument config: 'celeba_hq.yml'
INFO - main.py - 2025-08-05 12:04:14,117 - Argument deg: 'deblur_gauss'
INFO - main.py - 2025-08-05 12:04:14,117 - Argument deg_scale: 0.0
INFO - main.py - 2025-08-05 12:04:14,117 - Argument enable_adaptive_sampling: False
INFO - main.py - 2025-08-05 12:04:14,117 - Argument enable_edge_guidance: False
INFO - main.py - 2025-08-05 12:04:14,117 - Argument enable_frequency_guidance: False
INFO - main.py - 2025-08-05 12:04:14,117 - Argument enable_preprocessing: False
INFO - main.py - 2025-08-05 12:04:14,117 - Argument eta_tilde: 0.7
INFO - main.py - 2025-08-05 12:04:14,117 - Argument exp: 'exp'
INFO - main.py - 2025-08-05 12:04:14,117 - Argument gamma: 8.0
INFO - main.py - 2025-08-05 12:04:14,117 - Argument image_folder: 'exp/image_samples/DDPG_celeba_deblur_gauss_sigma_y_0'
INFO - main.py - 2025-08-05 12:04:14,117 - Argument inject_noise: 1
INFO - main.py - 2025-08-05 12:04:14,117 - Argument ni: True
INFO - main.py - 2025-08-05 12:04:14,117 - Argument operator_imp: 'FFT'
INFO - main.py - 2025-08-05 12:04:14,117 - Argument path_y: 'celeba_hq'
INFO - main.py - 2025-08-05 12:04:14,117 - Argument quality_threshold: 0.8
INFO - main.py - 2025-08-05 12:04:14,117 - Argument save_observed_img: False
INFO - main.py - 2025-08-05 12:04:14,117 - Argument scale_ls: 1.0
INFO - main.py - 2025-08-05 12:04:14,117 - Argument seed: 1234
INFO - main.py - 2025-08-05 12:04:14,117 - Argument sigma_y: 0.0
INFO - main.py - 2025-08-05 12:04:14,117 - Argument step_size_mode: 0
INFO - main.py - 2025-08-05 12:04:14,117 - Argument subset_end: -1
INFO - main.py - 2025-08-05 12:04:14,117 - Argument subset_start: -1
INFO - main.py - 2025-08-05 12:04:14,117 - Argument verbose: 'info'
INFO - main.py - 2025-08-05 12:04:14,117 - Argument xi: 1e-05
INFO - main.py - 2025-08-05 12:04:14,117 - Argument zeta: 1.0
INFO - main.py - 2025-08-05 12:04:14,127 - Using device: cpu
INFO - diffusion.py - 2025-08-05 12:07:39,701 - img_ind: 0, PSNR: 49.33, LPIPS: 0.0012
INFO - diffusion.py - 2025-08-05 12:07:39,701 - Avg PSNR: 49.33, Avg LPIPS: 0.0012     (** After 1 iteration **)
INFO - diffusion.py - 2025-08-05 12:11:06,152 - img_ind: 1, PSNR: 48.49, LPIPS: 0.0014
INFO - diffusion.py - 2025-08-05 12:11:06,153 - Avg PSNR: 48.91, Avg LPIPS: 0.0013     (** After 2 iteration **)
INFO - diffusion.py - 2025-08-05 12:14:31,766 - img_ind: 2, PSNR: 48.07, LPIPS: 0.0010
INFO - diffusion.py - 2025-08-05 12:14:31,766 - Avg PSNR: 48.63, Avg LPIPS: 0.0012     (** After 3 iteration **)
INFO - diffusion.py - 2025-08-05 12:17:56,444 - img_ind: 3, PSNR: 47.91, LPIPS: 0.0007
INFO - diffusion.py - 2025-08-05 12:17:56,444 - Avg PSNR: 48.45, Avg LPIPS: 0.0011     (** After 4 iteration **)
INFO - diffusion.py - 2025-08-05 12:21:24,034 - img_ind: 4, PSNR: 48.84, LPIPS: 0.0009
INFO - diffusion.py - 2025-08-05 12:21:24,034 - Avg PSNR: 48.53, Avg LPIPS: 0.0010     (** After 5 iteration **)
INFO - diffusion.py - 2025-08-05 12:24:49,464 - img_ind: 5, PSNR: 46.28, LPIPS: 0.0010
INFO - diffusion.py - 2025-08-05 12:24:49,465 - Avg PSNR: 48.15, Avg LPIPS: 0.0010     (** After 6 iteration **)
INFO - diffusion.py - 2025-08-05 12:28:17,560 - img_ind: 6, PSNR: 50.24, LPIPS: 0.0009
INFO - diffusion.py - 2025-08-05 12:28:17,560 - Avg PSNR: 48.45, Avg LPIPS: 0.0010     (** After 7 iteration **)
INFO - diffusion.py - 2025-08-05 12:31:43,983 - img_ind: 7, PSNR: 44.70, LPIPS: 0.0010
INFO - diffusion.py - 2025-08-05 12:31:43,983 - Avg PSNR: 47.98, Avg LPIPS: 0.0010     (** After 8 iteration **)
