INFO - main.py - 2025-07-18 12:47:25,846 - Argument config: 'celeba_hq.yml'
INFO - main.py - 2025-07-18 12:47:25,847 - Argument deg: 'motion_deblur'
INFO - main.py - 2025-07-18 12:47:25,847 - Argument deg_scale: 0.0
INFO - main.py - 2025-07-18 12:47:25,847 - Argument eta_tilde: 6.0
INFO - main.py - 2025-07-18 12:47:25,847 - Argument exp: 'exp'
INFO - main.py - 2025-07-18 12:47:25,847 - Argument gamma: 50.0
INFO - main.py - 2025-07-18 12:47:25,847 - Argument image_folder: 'exp/image_samples/DDPG_celeba_motion_deblur_sigma_y_0.01'
INFO - main.py - 2025-07-18 12:47:25,847 - Argument inject_noise: 1
INFO - main.py - 2025-07-18 12:47:25,847 - Argument ni: True
INFO - main.py - 2025-07-18 12:47:25,847 - Argument operator_imp: 'FFT'
INFO - main.py - 2025-07-18 12:47:25,847 - Argument path_y: 'celeba_hq'
INFO - main.py - 2025-07-18 12:47:25,847 - Argument save_observed_img: False
INFO - main.py - 2025-07-18 12:47:25,848 - Argument scale_ls: 1.0
INFO - main.py - 2025-07-18 12:47:25,848 - Argument seed: 1234
INFO - main.py - 2025-07-18 12:47:25,848 - Argument sigma_y: 0.01
INFO - main.py - 2025-07-18 12:47:25,848 - Argument step_size_mode: 0
INFO - main.py - 2025-07-18 12:47:25,848 - Argument subset_end: -1
INFO - main.py - 2025-07-18 12:47:25,848 - Argument subset_start: -1
INFO - main.py - 2025-07-18 12:47:25,848 - Argument verbose: 'info'
INFO - main.py - 2025-07-18 12:47:25,848 - Argument xi: 1e-05
INFO - main.py - 2025-07-18 12:47:25,848 - Argument zeta: 0.5
INFO - main.py - 2025-07-18 12:47:25,848 - Using device: cpu
ERROR - main.py - 2025-07-18 12:47:27,352 - Traceback (most recent call last):
  File "/home/24212031110/DDPG/main.py", line 185, in main
    runner.sample(logger)
  File "/home/24212031110/DDPG/guided_diffusion/diffusion.py", line 218, in sample
    self.ddpg_wrapper(model, cls_fn, logger)
  File "/home/24212031110/DDPG/guided_diffusion/diffusion.py", line 364, in ddpg_wrapper
    from functions.motionblur import Kernel
  File "/home/24212031110/DDPG/functions/motionblur.py", line 35
    def polar2z(r: np.ndarray, ?: np.ndarray) -> np.ndarray:
                               ^
SyntaxError: invalid syntax

