INFO - main.py - 2025-07-19 18:52:26,168 - Argument config: 'celeba_hq.yml'
INFO - main.py - 2025-07-19 18:52:26,169 - Argument deg: 'sr_bicubic'
INFO - main.py - 2025-07-19 18:52:26,169 - Argument deg_scale: 4.0
INFO - main.py - 2025-07-19 18:52:26,170 - Argument enable_adaptive_sampling: False
INFO - main.py - 2025-07-19 18:52:26,170 - Argument enable_edge_guidance: False
INFO - main.py - 2025-07-19 18:52:26,170 - Argument enable_frequency_guidance: False
INFO - main.py - 2025-07-19 18:52:26,170 - Argument enable_preprocessing: False
INFO - main.py - 2025-07-19 18:52:26,170 - Argument eta_tilde: 0.3
INFO - main.py - 2025-07-19 18:52:26,170 - Argument exp: 'exp'
INFO - main.py - 2025-07-19 18:52:26,170 - Argument gamma: 10.0
INFO - main.py - 2025-07-19 18:52:26,170 - Argument image_folder: 'exp/image_samples/Baseline_DDPG_CelebA_SR'
INFO - main.py - 2025-07-19 18:52:26,170 - Argument inject_noise: 1
INFO - main.py - 2025-07-19 18:52:26,170 - Argument ni: True
INFO - main.py - 2025-07-19 18:52:26,170 - Argument operator_imp: 'SVD'
INFO - main.py - 2025-07-19 18:52:26,170 - Argument path_y: 'celeba_hq'
INFO - main.py - 2025-07-19 18:52:26,170 - Argument quality_threshold: 0.8
INFO - main.py - 2025-07-19 18:52:26,170 - Argument save_observed_img: False
INFO - main.py - 2025-07-19 18:52:26,170 - Argument scale_ls: 1.0
INFO - main.py - 2025-07-19 18:52:26,170 - Argument seed: 1234
INFO - main.py - 2025-07-19 18:52:26,170 - Argument sigma_y: 0.05
INFO - main.py - 2025-07-19 18:52:26,171 - Argument step_size_mode: 1
INFO - main.py - 2025-07-19 18:52:26,171 - Argument subset_end: -1
INFO - main.py - 2025-07-19 18:52:26,171 - Argument subset_start: -1
INFO - main.py - 2025-07-19 18:52:26,171 - Argument verbose: 'info'
INFO - main.py - 2025-07-19 18:52:26,171 - Argument xi: 1e-05
INFO - main.py - 2025-07-19 18:52:26,171 - Argument zeta: 0.8
INFO - main.py - 2025-07-19 18:52:26,171 - Using device: cpu
INFO - diffusion.py - 2025-07-19 18:53:23,903 - img_ind: 0, PSNR: 31.40, LPIPS: 0.1046
INFO - diffusion.py - 2025-07-19 18:53:23,903 - Avg PSNR: 31.40, Avg LPIPS: 0.1046     (** After 1 iteration **)
INFO - diffusion.py - 2025-07-19 18:54:13,612 - img_ind: 1, PSNR: 30.66, LPIPS: 0.0955
INFO - diffusion.py - 2025-07-19 18:54:13,613 - Avg PSNR: 31.03, Avg LPIPS: 0.1001     (** After 2 iteration **)
INFO - diffusion.py - 2025-07-19 18:55:03,901 - img_ind: 2, PSNR: 29.23, LPIPS: 0.0883
INFO - diffusion.py - 2025-07-19 18:55:03,901 - Avg PSNR: 30.43, Avg LPIPS: 0.0961     (** After 3 iteration **)
INFO - diffusion.py - 2025-07-19 18:55:53,123 - img_ind: 3, PSNR: 28.61, LPIPS: 0.0717
INFO - diffusion.py - 2025-07-19 18:55:53,124 - Avg PSNR: 29.97, Avg LPIPS: 0.0900     (** After 4 iteration **)
INFO - diffusion.py - 2025-07-19 18:56:44,299 - img_ind: 4, PSNR: 30.35, LPIPS: 0.1132
INFO - diffusion.py - 2025-07-19 18:56:44,300 - Avg PSNR: 30.05, Avg LPIPS: 0.0947     (** After 5 iteration **)
