INFO - main.py - 2025-07-22 12:41:16,356 - Argument config: 'celeba_hq.yml'
INFO - main.py - 2025-07-22 12:41:16,358 - Argument deg: 'sr_bicubic'
INFO - main.py - 2025-07-22 12:41:16,358 - Argument deg_scale: 4.0
INFO - main.py - 2025-07-22 12:41:16,358 - Argument enable_adaptive_sampling: True
INFO - main.py - 2025-07-22 12:41:16,358 - Argument enable_edge_guidance: True
INFO - main.py - 2025-07-22 12:41:16,358 - Argument enable_frequency_guidance: True
INFO - main.py - 2025-07-22 12:41:16,358 - Argument enable_preprocessing: True
INFO - main.py - 2025-07-22 12:41:16,358 - Argument eta_tilde: 0.3
INFO - main.py - 2025-07-22 12:41:16,358 - Argument exp: 'exp'
INFO - main.py - 2025-07-22 12:41:16,358 - Argument gamma: 10.0
INFO - main.py - 2025-07-22 12:41:16,358 - Argument image_folder: 'exp/image_samples/Enhanced_DDPG_CelebA_SR'
INFO - main.py - 2025-07-22 12:41:16,358 - Argument inject_noise: 1
INFO - main.py - 2025-07-22 12:41:16,358 - Argument ni: True
INFO - main.py - 2025-07-22 12:41:16,359 - Argument operator_imp: 'SVD'
INFO - main.py - 2025-07-22 12:41:16,359 - Argument path_y: 'celeba_hq'
INFO - main.py - 2025-07-22 12:41:16,359 - Argument quality_threshold: 0.8
INFO - main.py - 2025-07-22 12:41:16,359 - Argument save_observed_img: False
INFO - main.py - 2025-07-22 12:41:16,359 - Argument scale_ls: 1.0
INFO - main.py - 2025-07-22 12:41:16,359 - Argument seed: 1234
INFO - main.py - 2025-07-22 12:41:16,359 - Argument sigma_y: 0.05
INFO - main.py - 2025-07-22 12:41:16,359 - Argument step_size_mode: 1
INFO - main.py - 2025-07-22 12:41:16,359 - Argument subset_end: -1
INFO - main.py - 2025-07-22 12:41:16,359 - Argument subset_start: -1
INFO - main.py - 2025-07-22 12:41:16,359 - Argument verbose: 'info'
INFO - main.py - 2025-07-22 12:41:16,359 - Argument xi: 1e-05
INFO - main.py - 2025-07-22 12:41:16,359 - Argument zeta: 0.8
INFO - main.py - 2025-07-22 12:41:16,360 - Using device: cpu
INFO - diffusion.py - 2025-07-22 12:51:14,490 - img_ind: 0, PSNR: 18.55, LPIPS: 0.9591
INFO - diffusion.py - 2025-07-22 12:51:14,490 - Avg PSNR: 18.55, Avg LPIPS: 0.9591     (** After 1 iteration **)
INFO - diffusion.py - 2025-07-22 13:00:50,786 - img_ind: 1, PSNR: 17.51, LPIPS: 0.9630
INFO - diffusion.py - 2025-07-22 13:00:50,786 - Avg PSNR: 18.03, Avg LPIPS: 0.9610     (** After 2 iteration **)
INFO - diffusion.py - 2025-07-22 13:10:28,464 - img_ind: 2, PSNR: 17.72, LPIPS: 0.8276
INFO - diffusion.py - 2025-07-22 13:10:28,464 - Avg PSNR: 17.93, Avg LPIPS: 0.9165     (** After 3 iteration **)
INFO - diffusion.py - 2025-07-22 13:20:01,151 - img_ind: 3, PSNR: 17.18, LPIPS: 0.8169
INFO - diffusion.py - 2025-07-22 13:20:01,151 - Avg PSNR: 17.74, Avg LPIPS: 0.8916     (** After 4 iteration **)
INFO - diffusion.py - 2025-07-22 13:29:32,118 - img_ind: 4, PSNR: 17.98, LPIPS: 0.9850
INFO - diffusion.py - 2025-07-22 13:29:32,118 - Avg PSNR: 17.79, Avg LPIPS: 0.9103     (** After 5 iteration **)
INFO - diffusion.py - 2025-07-22 13:39:18,305 - img_ind: 5, PSNR: 17.21, LPIPS: 0.8765
INFO - diffusion.py - 2025-07-22 13:39:18,305 - Avg PSNR: 17.69, Avg LPIPS: 0.9047     (** After 6 iteration **)
