INFO - main.py - 2025-07-18 12:29:33,826 - Argument config: 'celeba_hq.yml'
INFO - main.py - 2025-07-18 12:29:33,827 - Argument deg: 'deblur_gauss'
INFO - main.py - 2025-07-18 12:29:33,827 - Argument deg_scale: 0.0
INFO - main.py - 2025-07-18 12:29:33,827 - Argument eta_tilde: 1.0
INFO - main.py - 2025-07-18 12:29:33,827 - Argument exp: 'exp'
INFO - main.py - 2025-07-18 12:29:33,827 - Argument gamma: 11.0
INFO - main.py - 2025-07-18 12:29:33,827 - Argument image_folder: 'exp/image_samples/DDPG_celeba_deblur_gauss_sigma_y_0.01'
INFO - main.py - 2025-07-18 12:29:33,828 - Argument inject_noise: 1
INFO - main.py - 2025-07-18 12:29:33,828 - Argument ni: True
INFO - main.py - 2025-07-18 12:29:33,828 - Argument operator_imp: 'FFT'
INFO - main.py - 2025-07-18 12:29:33,828 - Argument path_y: 'celeba_hq'
INFO - main.py - 2025-07-18 12:29:33,828 - Argument save_observed_img: False
INFO - main.py - 2025-07-18 12:29:33,828 - Argument scale_ls: 1.0
INFO - main.py - 2025-07-18 12:29:33,828 - Argument seed: 1234
INFO - main.py - 2025-07-18 12:29:33,828 - Argument sigma_y: 0.01
INFO - main.py - 2025-07-18 12:29:33,828 - Argument step_size_mode: 0
INFO - main.py - 2025-07-18 12:29:33,828 - Argument subset_end: -1
INFO - main.py - 2025-07-18 12:29:33,829 - Argument subset_start: -1
INFO - main.py - 2025-07-18 12:29:33,829 - Argument verbose: 'info'
INFO - main.py - 2025-07-18 12:29:33,829 - Argument xi: 1e-05
INFO - main.py - 2025-07-18 12:29:33,829 - Argument zeta: 0.6
INFO - main.py - 2025-07-18 12:29:33,831 - Using device: cpu
INFO - diffusion.py - 2025-07-18 12:31:39,969 - img_ind: 0, PSNR: 35.02, LPIPS: 0.0498
INFO - diffusion.py - 2025-07-18 12:31:39,970 - Avg PSNR: 35.02, Avg LPIPS: 0.0498     (** After 1 iteration **)
INFO - diffusion.py - 2025-07-18 12:32:53,776 - img_ind: 1, PSNR: 34.17, LPIPS: 0.0420
INFO - diffusion.py - 2025-07-18 12:32:53,776 - Avg PSNR: 34.60, Avg LPIPS: 0.0459     (** After 2 iteration **)
INFO - diffusion.py - 2025-07-18 12:33:50,804 - img_ind: 2, PSNR: 33.38, LPIPS: 0.0312
INFO - diffusion.py - 2025-07-18 12:33:50,804 - Avg PSNR: 34.19, Avg LPIPS: 0.0410     (** After 3 iteration **)
INFO - diffusion.py - 2025-07-18 12:34:42,968 - img_ind: 3, PSNR: 32.60, LPIPS: 0.0248
INFO - diffusion.py - 2025-07-18 12:34:42,969 - Avg PSNR: 33.79, Avg LPIPS: 0.0370     (** After 4 iteration **)
INFO - diffusion.py - 2025-07-18 12:35:37,784 - img_ind: 4, PSNR: 34.25, LPIPS: 0.0450
INFO - diffusion.py - 2025-07-18 12:35:37,784 - Avg PSNR: 33.88, Avg LPIPS: 0.0386     (** After 5 iteration **)
INFO - diffusion.py - 2025-07-18 12:36:30,732 - img_ind: 5, PSNR: 31.18, LPIPS: 0.0445
INFO - diffusion.py - 2025-07-18 12:36:30,732 - Avg PSNR: 33.43, Avg LPIPS: 0.0395     (** After 6 iteration **)
INFO - diffusion.py - 2025-07-18 12:37:25,900 - img_ind: 6, PSNR: 36.13, LPIPS: 0.0385
INFO - diffusion.py - 2025-07-18 12:37:25,900 - Avg PSNR: 33.82, Avg LPIPS: 0.0394     (** After 7 iteration **)
INFO - diffusion.py - 2025-07-18 12:38:17,864 - img_ind: 7, PSNR: 29.65, LPIPS: 0.0338
INFO - diffusion.py - 2025-07-18 12:38:17,864 - Avg PSNR: 33.30, Avg LPIPS: 0.0387     (** After 8 iteration **)
